<?xml version="1.0" encoding="UTF-8"?>
<!-- Generated by org.testng.reporters.JUnitReportReporter -->
<testsuite hostname="vivobook-asuslaptop-x512flc-x512fl" failures="0" tests="9" name="com.apollo2.apollo2_Homepage.sanitytesting" time="187.909" errors="0" timestamp="2024-01-12T11:49:24 IST" skipped="0">
  <testcase classname="com.apollo2.apollo2_Homepage.sanitytesting" name="testSanity" time="1.762"/>
  <system-out/>
  <testcase classname="com.apollo2.apollo2_Homepage.sanitytesting" name="homepagecontent" time="1.717"/>
  <system-out/>
  <testcase classname="com.apollo2.apollo2_Homepage.sanitytesting" name="homepagePeople" time="58.082"/>
  <system-out/>
  <testcase classname="com.apollo2.apollo2_Homepage.sanitytesting" name="homepagehighlights" time="26.292"/>
  <system-out/>
  <testcase classname="com.apollo2.apollo2_Homepage.sanitytesting" name="Dataportal" time="7.824"/>
  <system-out/>
  <testcase classname="com.apollo2.apollo2_Homepage.sanitytesting" name="Homenewsandevents" time="9.025"/>
  <system-out/>
  <testcase classname="com.apollo2.apollo2_Homepage.sanitytesting" name="Homecareer" time="54.128"/>
  <system-out/>
  <testcase classname="com.apollo2.apollo2_Homepage.sanitytesting" name="homegallery" time="9.052"/>
  <system-out/>
  <testcase classname="com.apollo2.apollo2_Homepage.sanitytesting" name="Homecontacts" time="20.027"/>
  <system-out/>
</testsuite> <!-- com.apollo2.apollo2_Homepage.sanitytesting -->
