<?xml version="1.0" encoding="UTF-8"?>
<!-- Generated by org.testng.reporters.JUnitReportReporter -->
<testsuite hostname="vivobook-asuslaptop-x512flc-x512fl" failures="0" tests="9" name="com.apollo2.apollo2_Homepage.Colab_Homepage" time="416.583" errors="0" timestamp="2024-02-19T11:02:03 IST" skipped="0">
  <testcase classname="com.apollo2.apollo2_Homepage.Colab_Homepage" name="testSanity" time="0.587"/>
  <system-out/>
  <testcase classname="com.apollo2.apollo2_Homepage.Colab_Homepage" name="homepagecontent" time="0.366"/>
  <system-out/>
  <testcase classname="com.apollo2.apollo2_Homepage.Colab_Homepage" name="homepagePeople" time="57.947"/>
  <system-out/>
  <testcase classname="com.apollo2.apollo2_Homepage.Colab_Homepage" name="homepagehighlights" time="26.985"/>
  <system-out/>
  <testcase classname="com.apollo2.apollo2_Homepage.Colab_Homepage" name="Dataportal" time="6.154"/>
  <system-out/>
  <testcase classname="com.apollo2.apollo2_Homepage.Colab_Homepage" name="Homenewsandevents" time="8.890"/>
  <system-out/>
  <testcase classname="com.apollo2.apollo2_Homepage.Colab_Homepage" name="Homecareer" time="52.105"/>
  <system-out/>
  <testcase classname="com.apollo2.apollo2_Homepage.Colab_Homepage" name="homegallery" time="9.023"/>
  <system-out/>
  <testcase classname="com.apollo2.apollo2_Homepage.Colab_Homepage" name="Homecontacts" time="254.526"/>
  <system-out/>
</testsuite> <!-- com.apollo2.apollo2_Homepage.Colab_Homepage -->
