<?xml version="1.0" encoding="UTF-8"?>
<!-- Generated by org.testng.reporters.JUnitReportReporter -->
<testsuite hostname="vivobook-asuslaptop-x512flc-x512fl" failures="0" tests="9" name="com.apollo2.apollo2_Homepage.sanitytesting" time="170.158" errors="0" timestamp="2024-02-01T10:15:04 IST" skipped="0">
  <testcase classname="com.apollo2.apollo2_Homepage.sanitytesting" name="testSanity" time="1.322"/>
  <system-out/>
  <testcase classname="com.apollo2.apollo2_Homepage.sanitytesting" name="homepagecontent" time="0.347"/>
  <system-out/>
  <testcase classname="com.apollo2.apollo2_Homepage.sanitytesting" name="homepagePeople" time="55.304"/>
  <system-out/>
  <testcase classname="com.apollo2.apollo2_Homepage.sanitytesting" name="homepagehighlights" time="25.687"/>
  <system-out/>
  <testcase classname="com.apollo2.apollo2_Homepage.sanitytesting" name="Dataportal" time="6.193"/>
  <system-out/>
  <testcase classname="com.apollo2.apollo2_Homepage.sanitytesting" name="Homenewsandevents" time="8.799"/>
  <system-out/>
  <testcase classname="com.apollo2.apollo2_Homepage.sanitytesting" name="Homecareer" time="49.462"/>
  <system-out/>
  <testcase classname="com.apollo2.apollo2_Homepage.sanitytesting" name="homegallery" time="8.818"/>
  <system-out/>
  <testcase classname="com.apollo2.apollo2_Homepage.sanitytesting" name="Homecontacts" time="14.226"/>
  <system-out/>
</testsuite> <!-- com.apollo2.apollo2_Homepage.sanitytesting -->
