<?xml version="1.0" encoding="UTF-8"?>
<!-- Generated by org.testng.reporters.JUnitReportReporter -->
<testsuite hostname="vivobook-asuslaptop-x512flc-x512fl" failures="0" tests="1" name="com.apollo2.apollo2_Homepage.sanitytesting" time="184.244" errors="0" timestamp="2024-01-12T11:20:08 IST" skipped="0">
  <testcase classname="com.apollo2.apollo2_Homepage.sanitytesting" name="testSanity" time="184.244"/>
  <system-out/>
</testsuite> <!-- com.apollo2.apollo2_Homepage.sanitytesting -->
